<?xml version="1.0" encoding="UTF-8"?>
<!-- Generated by org.testng.reporters.JUnitXMLReporter -->
<testsuite hostname="DESKTOP-K2P9PHP" ignored="5" name="Default test(failed)(failed)(failed)" tests="1" failures="0" timestamp="2019-11-12T15:41:34 PKT" time="46.617" errors="0">
  <testcase name="InvalidEmail" time="24.845" classname="tests.SignUp"/>
  <testcase name="BlankFUllName" time="0.0" classname="tests.SignUp">
    <ignored/>
  </testcase> <!-- BlankFUllName -->
  <testcase name="RangeExceedeFullName" time="0.0" classname="tests.SignUp">
    <ignored/>
  </testcase> <!-- RangeExceedeFullName -->
  <testcase name="BlankPassWordLength" time="0.0" classname="tests.SignUp">
    <ignored/>
  </testcase> <!-- BlankPassWordLength -->
  <testcase name="PasswordEyeEnabelDisable" time="0.0" classname="tests.SignUp">
    <ignored/>
  </testcase> <!-- PasswordEyeEnabelDisable -->
  <testcase name="LessPasswordLength" time="0.0" classname="tests.SignUp">
    <ignored/>
  </testcase> <!-- LessPasswordLength -->
</testsuite> <!-- Default test(failed)(failed)(failed) -->
