<?xml version="1.0" encoding="UTF-8"?>
<!-- Generated by org.testng.reporters.JUnitXMLReporter -->
<testsuite hostname="DESKTOP-K2P9PHP" ignored="0" name="Default test(failed)" tests="4" failures="1" timestamp="2019-11-18T12:12:12 PKT" time="136.416" errors="0">
  <testcase name="FullName_Negative_Values_Check" time="17.606" classname="tests.SignUp"/>
  <testcase name="Invalid_Email_Values_Check" time="23.858" classname="tests.SignUp"/>
  <testcase name="Password_Negative_Values_Check" time="5.056" classname="tests.SignUp">
    <failure type="org.openqa.selenium.WebDriverException" message="An unknown server-side error occurred while processing the command. Original error: Could not proxy command to remote server. Original error: Error: socket hang up
Build info: version: &amp;apos;3.141.59&amp;apos;, revision: &amp;apos;e82be7d358&amp;apos;, time: &amp;apos;2018-11-14T08:17:03&amp;apos;
System info: host: &amp;apos;DESKTOP-K2P9PHP&amp;apos;, ip: &amp;apos;192.168.1.115&amp;apos;, os.name: &amp;apos;Windows 10&amp;apos;, os.arch: &amp;apos;amd64&amp;apos;, os.version: &amp;apos;10.0&amp;apos;, java.version: &amp;apos;1.8.0_231&amp;apos;
Driver info: io.appium.java_client.AppiumDriver
Capabilities {appActivity: .activities.SplashActivity, appPackage: com.weoto, databaseEnabled: false, desired: {appActivity: .activities.SplashActivity, appPackage: com.weoto, deviceName: Samsung Galaxy S7 edge, platformName: android, platformVersion: 8.0.0, udid: 192.168.1.106:5555}, deviceApiLevel: 26, deviceManufacturer: samsung, deviceModel: SM-G935T, deviceName: 192.168.1.106:5555, deviceScreenDensity: 480, deviceScreenSize: 1080x1920, deviceUDID: 192.168.1.106:5555, javascriptEnabled: true, locationContextEnabled: false, networkConnectionEnabled: true, pixelRatio: 3, platform: LINUX, platformName: LINUX, platformVersion: 8.0.0, statBarHeight: 72, takesScreenshot: true, udid: 192.168.1.106:5555, viewportRect: {height: 1848, left: 0, top: 72, width: 1080}, warnings: {}, webStorageEnabled: false}
Session ID: 1629d776-fb59-4e98-9145-74d3168fa00d
*** Element info: {Using=id, value=com.android.packageinstaller:id/permission_allow_button}">
      <![CDATA[org.openqa.selenium.WebDriverException: An unknown server-side error occurred while processing the command. Original error: Could not proxy command to remote server. Original error: Error: socket hang up
Build info: version: '3.141.59', revision: 'e82be7d358', time: '2018-11-14T08:17:03'
System info: host: 'DESKTOP-K2P9PHP', ip: '192.168.1.115', os.name: 'Windows 10', os.arch: 'amd64', os.version: '10.0', java.version: '1.8.0_231'
Driver info: io.appium.java_client.AppiumDriver
Capabilities {appActivity: .activities.SplashActivity, appPackage: com.weoto, databaseEnabled: false, desired: {appActivity: .activities.SplashActivity, appPackage: com.weoto, deviceName: Samsung Galaxy S7 edge, platformName: android, platformVersion: 8.0.0, udid: 192.168.1.106:5555}, deviceApiLevel: 26, deviceManufacturer: samsung, deviceModel: SM-G935T, deviceName: 192.168.1.106:5555, deviceScreenDensity: 480, deviceScreenSize: 1080x1920, deviceUDID: 192.168.1.106:5555, javascriptEnabled: true, locationContextEnabled: false, networkConnectionEnabled: true, pixelRatio: 3, platform: LINUX, platformName: LINUX, platformVersion: 8.0.0, statBarHeight: 72, takesScreenshot: true, udid: 192.168.1.106:5555, viewportRect: {height: 1848, left: 0, top: 72, width: 1080}, warnings: {}, webStorageEnabled: false}
Session ID: 1629d776-fb59-4e98-9145-74d3168fa00d
*** Element info: {Using=id, value=com.android.packageinstaller:id/permission_allow_button}
at org.openqa.selenium.remote.http.W3CHttpResponseCodec.createException(W3CHttpResponseCodec.java:187)
at org.openqa.selenium.remote.http.W3CHttpResponseCodec.decode(W3CHttpResponseCodec.java:122)
at org.openqa.selenium.remote.http.W3CHttpResponseCodec.decode(W3CHttpResponseCodec.java:49)
at org.openqa.selenium.remote.HttpCommandExecutor.execute(HttpCommandExecutor.java:158)
at io.appium.java_client.remote.AppiumCommandExecutor.execute(AppiumCommandExecutor.java:239)
at org.openqa.selenium.remote.RemoteWebDriver.execute(RemoteWebDriver.java:552)
at io.appium.java_client.DefaultGenericMobileDriver.execute(DefaultGenericMobileDriver.java:42)
at io.appium.java_client.AppiumDriver.execute(AppiumDriver.java:1)
at org.openqa.selenium.remote.RemoteWebDriver.findElement(RemoteWebDriver.java:323)
at io.appium.java_client.DefaultGenericMobileDriver.findElement(DefaultGenericMobileDriver.java:62)
at io.appium.java_client.AppiumDriver.findElement(AppiumDriver.java:1)
at org.openqa.selenium.remote.RemoteWebDriver.findElementById(RemoteWebDriver.java:372)
at io.appium.java_client.DefaultGenericMobileDriver.findElementById(DefaultGenericMobileDriver.java:70)
at io.appium.java_client.AppiumDriver.findElementById(AppiumDriver.java:1)
at org.openqa.selenium.By$ById.findElement(By.java:188)
at org.openqa.selenium.remote.RemoteWebDriver.findElement(RemoteWebDriver.java:315)
at io.appium.java_client.DefaultGenericMobileDriver.findElement(DefaultGenericMobileDriver.java:58)
at io.appium.java_client.AppiumDriver.findElement(AppiumDriver.java:1)
at tests.SignUp.Password_Negative_Values_Check(SignUp.java:113)
at java.util.ArrayList.forEach(Unknown Source)
... Removed 31 stack frames]]>
    </failure>
  </testcase> <!-- Password_Negative_Values_Check -->
  <testcase name="PasswordEyeEnabelDisable" time="20.11" classname="tests.SignUp"/>
</testsuite> <!-- Default test(failed) -->
